<?xml version="1.0" encoding="UTF-8"?>
<!-- Generated by org.testng.reporters.JUnitXMLReporter -->
<testsuite ignored="0" hostname="DESKTOP-6JUGJ4I" failures="1" tests="3" name="Test" time="14.034" errors="0" timestamp="2023-05-12T11:12:30 IST">
  <testcase classname="com.tripadvisor.webapp.tests.HomePageTest" name="TC_TripAdvisor_HomePage_001" time="0.286"/>
  <testcase classname="com.tripadvisor.webapp.tests.HomePageTest" name="TC_TripAdvisor_HomePage_002" time="0.193"/>
  <testcase classname="com.tripadvisor.webapp.tests.HomePageTest" name="TC_TripAdvisor_HomePage_003" time="0.059">
    <failure type="java.lang.AssertionError" message="expected [true] but found [false]">
      <![CDATA[java.lang.AssertionError: expected [true] but found [false]
at com.tripadvisor.webapp.tests.HomePageTest.TC_TripAdvisor_HomePage_003(HomePageTest.java:71)
at java.base/java.util.ArrayList.forEach(ArrayList.java:1541)
... Removed 31 stack frames]]>
    </failure>
  </testcase> <!-- TC_TripAdvisor_HomePage_003 -->
</testsuite> <!-- Test -->
